=== PETS Production: 5 seeds, 295 episodes ===

======================================================================
🚀 PETS TRAINING STARTED
======================================================================
Seeds: (0, 1, 2, 3, 4)
Total episodes: 295
Device: cuda
======================================================================


======================================================================
📍 SEED 0 STARTING
======================================================================
✅ Random seeds set
🏗️  Creating environment...
✅ Environment created
🏁 Initial exploration: 5 episodes
   [EXPLORE] Episode 1/5 ✅ Ret: 51.05, TTM: None
   [EXPLORE] Episode 2/5 ✅ Ret: -1.57, TTM: None
   [EXPLORE] Episode 3/5 ✅ Ret: 46.18, TTM: None
   [EXPLORE] Episode 4/5 ✅ Ret: 45.65, TTM: None
   [EXPLORE] Episode 5/5 ✅ Ret: 28.06, TTM: None
🎓 Training: 290 episodes
   [TRAIN] Episode 6/295 ✅ Ret: 119.33, TTM: None, Steps: 140
   [TRAIN] Episode 7/295 ✅ Ret: 128.98, TTM: None, Steps: 140
   [TRAIN] Episode 8/295 ✅ Ret: 122.02, TTM: None, Steps: 140
   [TRAIN] Episode 9/295 ✅ Ret: 39.74, TTM: None, Steps: 93
   [TRAIN] Episode 10/295 ✅ Ret: 87.13, TTM: None, Steps: 140
Seed 0 | Episode 10/295 | recent avg return: 99.44 | dataset size: 1235
   [TRAIN] Episode 11/295