=== MBPO Quick Test: 5 seeds, 10 episodes ===

======================================================================
🚀 MBPO TRAINING STARTED
======================================================================

📋 Configuration:
   Seeds: [5]
   Episodes: 10
   Device: cuda
   Max steps per episode: 140
   Total max steps: 1400
======================================================================

🎓 TRAINING MODE
📍 Single seed training (seed=5)
✅ Environment created

======================================================================
MBPO Training: Seed 5
======================================================================
step=1000 episodes=8 avg_reward_50=28.62 alpha=nan q1=nan actor=nan model=nan
Seed 5 completed in 52.3s
✅ Training complete!

Results: [
  {
    "episode": 6,
    "return": 35.35074467774137,
    "cumulative_reward": 35.35074467774137,
    "time_to_mastery": 140,
    "total_steps": 140,
    "question_accuracy": 0.0,
    "question_total": 0,
    "question_correct": 0,
    "content_count": 0,
    "content_rate": 0.0,
    "blueprint_adherence": 100.0,
    "post_content_gain": 0.0,
    "final_mastery": 0.5247778296470642,
    "mean_frustration": 0.0,
    "modality_gains": {
      "video": 0.0,
      "PPT": 0.0,
      "text": 0.0,
      "blog": 0.0,
      "article": 0.0,
      "handout": 0.0
    }
  },
  {
    "episode": 7,
    "return": 37.97292836709213,
    "cumulative_reward": 37.97292836709213,
    "time_to_mastery": 140,
    "total_steps": 140,
    "question_accuracy": 0.0,
    "question_total": 0,
    "question_correct": 0,
    "content_count": 0,
    "content_rate": 0.0,
    "blueprint_adherence": 100.0,
    "post_content_gain": 0.0,
    "final_mastery": 0.512496829032898,
    "mean_frustration": 0.0,
    "modality_gains": {
      "video": 0.0,
      "PPT": 0.0,
      "text": 0.0,
      "blog": 0.0,
      "article": 0.0,
      "handout": 0.0
    }
  },
  {
    "episode": 8,
    "return": 20.866294908564374,
    "cumulative_reward": 20.866294908564374,
    "time_to_mastery": 111,
    "total_steps": 111,
    "question_accuracy": 0.0,
    "question_total": 0,
    "question_correct": 0,
    "content_count": 0,
    "content_rate": 0.0,
    "blueprint_adherence": 100.0,
    "post_content_gain": 0.0,
    "final_mastery": 0.4074423611164093,
    "mean_frustration": 0.0,
    "modality_gains": {
      "video": 0.0,
      "PPT": 0.0,
      "text": 0.0,
      "blog": 0.0,
      "article": 0.0,
      "handout": 0.0
    }
  },
  {
    "episode": 9,
    "return": 44.765815758226076,
    "cumulative_reward": 44.765815758226076,
    "time_to_mastery": 140,
    "total_steps": 140,
    "question_accuracy": 0.0,
    "question_total": 0,
    "question_correct": 0,
    "content_count": 0,
    "content_rate": 0.0,
    "blueprint_adherence": 100.0,
    "post_content_gain": 0.0,
    "final_mastery": 0.4922370910644531,
    "mean_frustration": 0.0,
    "modality_gains": {
      "video": 0.0,
      "PPT": 0.0,
      "text": 0.0,
      "blog": 0.0,
      "article": 0.0,
      "handout": 0.0
    }
  },
  {
    "episode": 10,
    "return": 2.5518638772024267,
    "cumulative_reward": 2.5518638772024267,
    "time_to_mastery": 61,
    "total_steps": 61,
    "question_accuracy": 0.0,
    "question_total": 0,
    "question_correct": 0,
    "content_count": 0,
    "content_rate": 0.0,
    "blueprint_adherence": 100.0,
    "post_content_gain": 0.0,
    "final_mastery": 0.33644160628318787,
    "mean_frustration": 0.0,
    "modality_gains": {
      "video": 0.0,
      "PPT": 0.0,
      "text": 0.0,
      "blog": 0.0,
      "article": 0.0,
      "handout": 0.0
    }
  }
]
✅ Exported: results/mbpo/summary.json
✓ Episodes CSV exported to results/mbpo/episodes.csv

=== Verifying results ===
total 106
drwxrwxr-x. 2 jabezc jabezc 25600 Jan 11 12:11 .
drwxrwxr-x. 6 jabezc jabezc 25600 Jan 11 11:57 ..
-rw-rw-r--. 1 jabezc jabezc  1443 Jan 11 13:05 episodes.csv
-rw-rw-r--. 1 jabezc jabezc   221 Jan 11 13:05 summary.json
11 results/mbpo/episodes.csv
MBPO production complete!
