=== MBPO Smoke Test: 1 seed, 10 episodes ===

======================================================================
🚀 MBPO TRAINING STARTED
======================================================================

📋 Configuration:
   Seeds: [1]
   Episodes: 10
   Device: cuda
   Max steps per episode: 140
   Total max steps: 1400
======================================================================

🎓 TRAINING MODE
📍 Single seed training (seed=1)
✅ Environment created

======================================================================
MBPO Training: Seed 1
======================================================================
step=1000 episodes=7 avg_reward_50=28.94 alpha=nan q1=nan actor=nan model=nan
Seed 1 completed in 56.6s
✅ Training complete!

Results: [
  {
    "episode": 6,
    "return": 43.62204906307993,
    "cumulative_reward": 43.62204906307993,
    "time_to_mastery": 140,
    "total_steps": 140,
    "question_accuracy": 0.0,
    "question_total": 0,
    "question_correct": 0,
    "content_count": 0,
    "content_rate": 0.0,
    "blueprint_adherence": 100.0,
    "post_content_gain": 0.0,
    "final_mastery": 0.4899977147579193,
    "mean_frustration": 0.0,
    "modality_gains": {
      "video": 0.0,
      "PPT": 0.0,
      "text": 0.0,
      "blog": 0.0,
      "article": 0.0,
      "handout": 0.0
    }
  },
  {
    "episode": 7,
    "return": 34.44049977877122,
    "cumulative_reward": 34.44049977877122,
    "time_to_mastery": 140,
    "total_steps": 140,
    "question_accuracy": 0.0,
    "question_total": 0,
    "question_correct": 0,
    "content_count": 0,
    "content_rate": 0.0,
    "blueprint_adherence": 100.0,
    "post_content_gain": 0.0,
    "final_mastery": 0.4496111571788788,
    "mean_frustration": 0.0,
    "modality_gains": {
      "video": 0.0,
      "PPT": 0.0,
      "text": 0.0,
      "blog": 0.0,
      "article": 0.0,
      "handout": 0.0
    }
  },
  {
    "episode": 8,
    "return": 41.18792928224241,
    "cumulative_reward": 41.18792928224241,
    "time_to_mastery": 140,
    "total_steps": 140,
    "question_accuracy": 0.0,
    "question_total": 0,
    "question_correct": 0,
    "content_count": 0,
    "content_rate": 0.0,
    "blueprint_adherence": 100.0,
    "post_content_gain": 0.0,
    "final_mastery": 0.47145965695381165,
    "mean_frustration": 0.0,
    "modality_gains": {
      "video": 0.0,
      "PPT": 0.0,
      "text": 0.0,
      "blog": 0.0,
      "article": 0.0,
      "handout": 0.0
    }
  },
  {
    "episode": 9,
    "return": 0.9399581489618172,
    "cumulative_reward": 0.9399581489618172,
    "time_to_mastery": 40,
    "total_steps": 40,
    "question_accuracy": 0.0,
    "question_total": 0,
    "question_correct": 0,
    "content_count": 0,
    "content_rate": 0.0,
    "blueprint_adherence": 100.0,
    "post_content_gain": 0.0,
    "final_mastery": 0.34464970231056213,
    "mean_frustration": 0.0,
    "modality_gains": {
      "video": 0.0,
      "PPT": 0.0,
      "text": 0.0,
      "blog": 0.0,
      "article": 0.0,
      "handout": 0.0
    }
  },
  {
    "episode": 10,
    "return": 39.99803785230183,
    "cumulative_reward": 39.99803785230183,
    "time_to_mastery": 140,
    "total_steps": 140,
    "question_accuracy": 0.0,
    "question_total": 0,
    "question_correct": 0,
    "content_count": 0,
    "content_rate": 0.0,
    "blueprint_adherence": 100.0,
    "post_content_gain": 0.0,
    "final_mastery": 0.476965993642807,
    "mean_frustration": 0.0,
    "modality_gains": {
      "video": 0.0,
      "PPT": 0.0,
      "text": 0.0,
      "blog": 0.0,
      "article": 0.0,
      "handout": 0.0
    }
  }
]
✅ Exported: results/mbpo/summary.json

=== Verifying results ===
total 51
drwxrwxr-x. 2 jabezc jabezc 25600 Jan 11 11:59 .
drwxrwxr-x. 6 jabezc jabezc 25600 Jan 11 11:57 ..
-rw-rw-r--. 1 jabezc jabezc   221 Jan 11 11:59 summary.json
ERROR: episodes.csv not found!
{
  "auc_10k": 284.72790296800855,
  "checkpoints": {},
  "wall_clock_time_minutes": 0.9430432319641113,
  "seed": 1,
  "episodes_completed": 10,
  "total_return": 284.72790296800855,
  "mean_return": 28.472790296800856
}
MBPO smoke test complete!
