=== MBPO Smoke Test: 1 seed, 10 episodes ===

======================================================================
🚀 MBPO TRAINING STARTED
======================================================================

📋 Configuration:
   Seeds: [0]
   Episodes: 10
   Device: cuda
   Max steps per episode: 140
   Total max steps: 1400
======================================================================

🎓 TRAINING MODE
📍 Single seed training (seed=0)
✅ Environment created

======================================================================
MBPO Training: Seed 0
======================================================================
step=1000 episodes=7 avg_reward_50=31.24 alpha=nan q1=nan actor=nan model=nan
Seed 0 completed in 56.5s
✅ Training complete!

Results: [
  {
    "episode": 6,
    "return": 35.18209458499337,
    "cumulative_reward": 35.18209458499337,
    "time_to_mastery": 140,
    "total_steps": 140,
    "question_accuracy": 0.0,
    "question_total": 0,
    "question_correct": 0,
    "content_count": 0,
    "content_rate": 0.0,
    "blueprint_adherence": 100.0,
    "post_content_gain": 0.0,
    "final_mastery": 0.4923771619796753,
    "mean_frustration": 0.0,
    "modality_gains": {
      "video": 0.0,
      "PPT": 0.0,
      "text": 0.0,
      "blog": 0.0,
      "article": 0.0,
      "handout": 0.0
    }
  },
  {
    "episode": 7,
    "return": 43.330274386141525,
    "cumulative_reward": 43.330274386141525,
    "time_to_mastery": 140,
    "total_steps": 140,
    "question_accuracy": 0.0,
    "question_total": 0,
    "question_correct": 0,
    "content_count": 0,
    "content_rate": 0.0,
    "blueprint_adherence": 100.0,
    "post_content_gain": 0.0,
    "final_mastery": 0.480416864156723,
    "mean_frustration": 0.0,
    "modality_gains": {
      "video": 0.0,
      "PPT": 0.0,
      "text": 0.0,
      "blog": 0.0,
      "article": 0.0,
      "handout": 0.0
    }
  },
  {
    "episode": 8,
    "return": 45.72976308922179,
    "cumulative_reward": 45.72976308922179,
    "time_to_mastery": 140,
    "total_steps": 140,
    "question_accuracy": 0.0,
    "question_total": 0,
    "question_correct": 0,
    "content_count": 0,
    "content_rate": 0.0,
    "blueprint_adherence": 100.0,
    "post_content_gain": 0.0,
    "final_mastery": 0.4886084198951721,
    "mean_frustration": 0.0,
    "modality_gains": {
      "video": 0.0,
      "PPT": 0.0,
      "text": 0.0,
      "blog": 0.0,
      "article": 0.0,
      "handout": 0.0
    }
  },
  {
    "episode": 9,
    "return": 42.3493975971322,
    "cumulative_reward": 42.3493975971322,
    "time_to_mastery": 140,
    "total_steps": 140,
    "question_accuracy": 0.0,
    "question_total": 0,
    "question_correct": 0,
    "content_count": 0,
    "content_rate": 0.0,
    "blueprint_adherence": 100.0,
    "post_content_gain": 0.0,
    "final_mastery": 0.5069025158882141,
    "mean_frustration": 0.0,
    "modality_gains": {
      "video": 0.0,
      "PPT": 0.0,
      "text": 0.0,
      "blog": 0.0,
      "article": 0.0,
      "handout": 0.0
    }
  },
  {
    "episode": 10,
    "return": 20.755834933377635,
    "cumulative_reward": 20.755834933377635,
    "time_to_mastery": 140,
    "total_steps": 140,
    "question_accuracy": 0.0,
    "question_total": 0,
    "question_correct": 0,
    "content_count": 0,
    "content_rate": 0.0,
    "blueprint_adherence": 100.0,
    "post_content_gain": 0.0,
    "final_mastery": 0.4745631814002991,
    "mean_frustration": 0.0,
    "modality_gains": {
      "video": 0.0,
      "PPT": 0.0,
      "text": 0.0,
      "blog": 0.0,
      "article": 0.0,
      "handout": 0.0
    }
  }
]
✅ Exported: results/mbpo/summary.json
✓ Episodes CSV exported to results/mbpo/episodes.csv

=== Verifying results ===
total 106
drwxrwxr-x. 2 jabezc jabezc 25600 Jan 11 12:11 .
drwxrwxr-x. 6 jabezc jabezc 25600 Jan 11 11:57 ..
-rw-rw-r--. 1 jabezc jabezc  1446 Jan 11 12:56 episodes.csv
-rw-rw-r--. 1 jabezc jabezc   218 Jan 11 12:56 summary.json
seed,episode,return,cumulative_reward,ttm,total_steps,question_accuracy,content_rate,blueprint_adherence,post_content_gain,post_content_gain_video,post_content_gain_PPT,post_content_gain_text,post_content_gain_blog,post_content_gain_article,post_content_gain_handout,final_mastery,mean_frustration
0,1,45.46327201860162,45.46327201860162,140,140,0.0,0.0,100.0,0.0,0.0,0.0,0.0,0.0,0.0,0.0,0.48566678166389465,0.0
0,2,7.977810199389925,7.977810199389925,89,89,0.0,0.0,100.0,0.0,0.0,0.0,0.0,0.0,0.0,0.0,0.39283180236816406,0.0
0,3,18.22028016119656,18.22028016119656,140,140,0.0,0.0,100.0,0.0,0.0,0.0,0.0,0.0,0.0,0.0,0.4467962384223938,0.0
0,4,38.102670857494424,38.102670857494424,140,140,0.0,0.0,100.0,0.0,0.0,0.0,0.0,0.0,0.0,0.0,0.5206189751625061,0.0
{
  "auc_10k": 327.4912128260044,
  "checkpoints": {},
  "wall_clock_time_minutes": 0.9409151037534078,
  "seed": 0,
  "episodes_completed": 10,
  "total_return": 327.4912128260044,
  "mean_return": 32.74912128260044
}
MBPO smoke test complete!
